Traceback (most recent call last):
  File "main.py", line 11, in <module>
    from solver import SingerIdentityEncoder
  File "/homes/bdoc3/singer-identity-encoder/solver.py", line 1, in <module>
    from data_objects import SpeakerVerificationDataLoader, SpeakerVerificationDataset
  File "/homes/bdoc3/singer-identity-encoder/data_objects/__init__.py", line 1, in <module>
    from data_objects.speaker_verification_dataset import SpeakerVerificationDataset
  File "/homes/bdoc3/singer-identity-encoder/data_objects/speaker_verification_dataset.py", line 5, in <module>
    from torch.utils.data import Dataset, DataLoader
  File "/homes/bdoc3/.local/lib/python3.7/site-packages/torch/__init__.py", line 634, in <module>
    from torch import quantization as quantization
  File "/homes/bdoc3/.local/lib/python3.7/site-packages/torch/quantization/__init__.py", line 1, in <module>
    from .quantize import *
  File "/homes/bdoc3/.local/lib/python3.7/site-packages/torch/quantization/quantize.py", line 11, in <module>
    from .quantization_mappings import (
  File "/homes/bdoc3/.local/lib/python3.7/site-packages/torch/quantization/quantization_mappings.py", line 21, in <module>
    from .utils import get_combined_dict
  File "<frozen importlib._bootstrap>", line 983, in _find_and_load
  File "<frozen importlib._bootstrap>", line 967, in _find_and_load_unlocked
  File "<frozen importlib._bootstrap>", line 677, in _load_unlocked
  File "<frozen importlib._bootstrap_external>", line 724, in exec_module
  File "<frozen importlib._bootstrap_external>", line 818, in get_code
  File "<frozen importlib._bootstrap_external>", line 916, in get_data
KeyboardInterrupt
